TimeQuest Timing Analyzer report for ULA
Wed Jun 12 18:14:09 2019
Quartus II 64-Bit Version 13.0.1 Build 232 06/12/2013 Service Pack 1 SJ Web Edition


---------------------
; Table of Contents ;
---------------------
  1. Legal Notice
  2. TimeQuest Timing Analyzer Summary
  3. Parallel Compilation
  4. Clocks
  5. Slow Model Fmax Summary
  6. Slow Model Setup Summary
  7. Slow Model Hold Summary
  8. Slow Model Recovery Summary
  9. Slow Model Removal Summary
 10. Slow Model Minimum Pulse Width Summary
 11. Propagation Delay
 12. Minimum Propagation Delay
 13. Fast Model Setup Summary
 14. Fast Model Hold Summary
 15. Fast Model Recovery Summary
 16. Fast Model Removal Summary
 17. Fast Model Minimum Pulse Width Summary
 18. Propagation Delay
 19. Minimum Propagation Delay
 20. Multicorner Timing Analysis Summary
 21. Progagation Delay
 22. Minimum Progagation Delay
 23. Clock Transfers
 24. Report TCCS
 25. Report RSKM
 26. Unconstrained Paths
 27. TimeQuest Timing Analyzer Messages



----------------
; Legal Notice ;
----------------
Copyright (C) 1991-2013 Altera Corporation
Your use of Altera Corporation's design tools, logic functions 
and other software and tools, and its AMPP partner logic 
functions, and any output files from any of the foregoing 
(including device programming or simulation files), and any 
associated documentation or information are expressly subject 
to the terms and conditions of the Altera Program License 
Subscription Agreement, Altera MegaCore Function License 
Agreement, or other applicable license agreement, including, 
without limitation, that your use is for the sole purpose of 
programming logic devices manufactured by Altera and sold by 
Altera or its authorized distributors.  Please refer to the 
applicable agreement for further details.



+----------------------------------------------------------------------------------------+
; TimeQuest Timing Analyzer Summary                                                      ;
+--------------------+-------------------------------------------------------------------+
; Quartus II Version ; Version 13.0.1 Build 232 06/12/2013 Service Pack 1 SJ Web Edition ;
; Revision Name      ; ULA                                                               ;
; Device Family      ; Cyclone II                                                        ;
; Device Name        ; EP2C35F672C7                                                      ;
; Timing Models      ; Final                                                             ;
; Delay Model        ; Combined                                                          ;
; Rise/Fall Delays   ; Unavailable                                                       ;
+--------------------+-------------------------------------------------------------------+


Parallel compilation was disabled, but you have multiple processors available. Enable parallel compilation to reduce compilation time.
+-------------------------------------+
; Parallel Compilation                ;
+----------------------------+--------+
; Processors                 ; Number ;
+----------------------------+--------+
; Number detected on machine ; 2      ;
; Maximum allowed            ; 1      ;
+----------------------------+--------+


----------
; Clocks ;
----------
No clocks to report.


---------------------------
; Slow Model Fmax Summary ;
---------------------------
No paths to report.


----------------------------
; Slow Model Setup Summary ;
----------------------------
No paths to report.


---------------------------
; Slow Model Hold Summary ;
---------------------------
No paths to report.


-------------------------------
; Slow Model Recovery Summary ;
-------------------------------
No paths to report.


------------------------------
; Slow Model Removal Summary ;
------------------------------
No paths to report.


------------------------------------------
; Slow Model Minimum Pulse Width Summary ;
------------------------------------------
No paths to report.


+--------------------------------------------------------------+
; Propagation Delay                                            ;
+------------+-------------+--------+--------+--------+--------+
; Input Port ; Output Port ; RR     ; RF     ; FR     ; FF     ;
+------------+-------------+--------+--------+--------+--------+
; inX[0]     ; Negativo    ; 17.126 ; 17.126 ; 17.126 ; 17.126 ;
; inX[0]     ; oULA[0]     ; 12.305 ; 12.305 ; 12.305 ; 12.305 ;
; inX[0]     ; oULA[1]     ; 11.909 ; 11.909 ; 11.909 ; 11.909 ;
; inX[0]     ; oULA[2]     ; 11.868 ; 11.868 ; 11.868 ; 11.868 ;
; inX[0]     ; oULA[3]     ; 14.524 ; 14.524 ; 14.524 ; 14.524 ;
; inX[0]     ; oULA[4]     ; 14.467 ; 14.467 ; 14.467 ; 14.467 ;
; inX[0]     ; oULA[5]     ; 16.611 ; 16.611 ; 16.611 ; 16.611 ;
; inX[0]     ; oULA[6]     ; 16.401 ; 16.401 ; 16.401 ; 16.401 ;
; inX[0]     ; oULA[7]     ; 17.126 ; 17.126 ; 17.126 ; 17.126 ;
; inX[0]     ; zero        ; 17.856 ; 17.856 ; 17.856 ; 17.856 ;
; inX[1]     ; Negativo    ; 17.812 ; 17.812 ; 17.812 ; 17.812 ;
; inX[1]     ; oULA[1]     ; 12.595 ; 12.785 ; 12.785 ; 12.595 ;
; inX[1]     ; oULA[2]     ; 12.554 ; 12.554 ; 12.554 ; 12.554 ;
; inX[1]     ; oULA[3]     ; 15.210 ; 15.210 ; 15.210 ; 15.210 ;
; inX[1]     ; oULA[4]     ; 15.153 ; 15.153 ; 15.153 ; 15.153 ;
; inX[1]     ; oULA[5]     ; 17.297 ; 17.297 ; 17.297 ; 17.297 ;
; inX[1]     ; oULA[6]     ; 17.087 ; 17.087 ; 17.087 ; 17.087 ;
; inX[1]     ; oULA[7]     ; 17.812 ; 17.812 ; 17.812 ; 17.812 ;
; inX[1]     ; zero        ; 18.542 ; 18.542 ; 18.542 ; 18.542 ;
; inX[2]     ; Negativo    ; 16.335 ; 16.335 ; 16.335 ; 16.335 ;
; inX[2]     ; oULA[2]     ; 11.773 ; 11.773 ; 11.773 ; 11.773 ;
; inX[2]     ; oULA[3]     ; 13.733 ; 13.733 ; 13.733 ; 13.733 ;
; inX[2]     ; oULA[4]     ; 13.676 ; 13.676 ; 13.676 ; 13.676 ;
; inX[2]     ; oULA[5]     ; 15.820 ; 15.820 ; 15.820 ; 15.820 ;
; inX[2]     ; oULA[6]     ; 15.610 ; 15.610 ; 15.610 ; 15.610 ;
; inX[2]     ; oULA[7]     ; 16.335 ; 16.335 ; 16.335 ; 16.335 ;
; inX[2]     ; zero        ; 17.065 ; 17.065 ; 17.065 ; 17.065 ;
; inX[3]     ; Negativo    ; 14.892 ; 14.892 ; 14.892 ; 14.892 ;
; inX[3]     ; oULA[3]     ; 12.297 ; 12.297 ; 12.297 ; 12.297 ;
; inX[3]     ; oULA[4]     ; 12.233 ; 12.233 ; 12.233 ; 12.233 ;
; inX[3]     ; oULA[5]     ; 14.377 ; 14.377 ; 14.377 ; 14.377 ;
; inX[3]     ; oULA[6]     ; 14.167 ; 14.167 ; 14.167 ; 14.167 ;
; inX[3]     ; oULA[7]     ; 14.892 ; 14.892 ; 14.892 ; 14.892 ;
; inX[3]     ; zero        ; 15.622 ; 15.622 ; 15.622 ; 15.622 ;
; inX[4]     ; Negativo    ; 14.112 ; 14.112 ; 14.112 ; 14.112 ;
; inX[4]     ; oULA[4]     ; 12.827 ; 12.827 ; 12.827 ; 12.827 ;
; inX[4]     ; oULA[5]     ; 13.594 ; 13.594 ; 13.594 ; 13.594 ;
; inX[4]     ; oULA[6]     ; 13.387 ; 13.387 ; 13.387 ; 13.387 ;
; inX[4]     ; oULA[7]     ; 14.112 ; 14.112 ; 14.112 ; 14.112 ;
; inX[4]     ; zero        ; 15.896 ; 15.896 ; 15.896 ; 15.896 ;
; inX[5]     ; Negativo    ; 10.000 ; 10.000 ; 10.000 ; 10.000 ;
; inX[5]     ; oULA[5]     ; 10.334 ; 9.563  ; 9.563  ; 10.334 ;
; inX[5]     ; oULA[6]     ; 9.275  ; 9.275  ; 9.275  ; 9.275  ;
; inX[5]     ; oULA[7]     ; 10.000 ; 10.000 ; 10.000 ; 10.000 ;
; inX[5]     ; zero        ; 10.808 ; 11.579 ; 11.579 ; 10.808 ;
; inX[6]     ; Negativo    ; 13.142 ; 13.142 ; 13.142 ; 13.142 ;
; inX[6]     ; oULA[6]     ; 12.072 ; 12.072 ; 12.072 ; 12.072 ;
; inX[6]     ; oULA[7]     ; 13.142 ; 13.142 ; 13.142 ; 13.142 ;
; inX[6]     ; zero        ; 13.709 ; 13.709 ; 13.709 ; 13.709 ;
; inX[7]     ; Negativo    ; 13.164 ; 13.274 ; 13.274 ; 13.164 ;
; inX[7]     ; oULA[7]     ; 13.164 ; 13.274 ; 13.274 ; 13.164 ;
; inX[7]     ; zero        ; 13.841 ; 13.731 ; 13.731 ; 13.841 ;
; inY[0]     ; Negativo    ; 17.766 ; 17.766 ; 17.766 ; 17.766 ;
; inY[0]     ; oULA[0]     ; 12.559 ; 12.559 ; 12.559 ; 12.559 ;
; inY[0]     ; oULA[1]     ; 12.550 ; 12.550 ; 12.550 ; 12.550 ;
; inY[0]     ; oULA[2]     ; 12.508 ; 12.508 ; 12.508 ; 12.508 ;
; inY[0]     ; oULA[3]     ; 15.164 ; 15.164 ; 15.164 ; 15.164 ;
; inY[0]     ; oULA[4]     ; 15.107 ; 15.107 ; 15.107 ; 15.107 ;
; inY[0]     ; oULA[5]     ; 17.251 ; 17.251 ; 17.251 ; 17.251 ;
; inY[0]     ; oULA[6]     ; 17.041 ; 17.041 ; 17.041 ; 17.041 ;
; inY[0]     ; oULA[7]     ; 17.766 ; 17.766 ; 17.766 ; 17.766 ;
; inY[0]     ; zero        ; 18.496 ; 18.496 ; 18.496 ; 18.496 ;
; inY[1]     ; Negativo    ; 17.291 ; 17.291 ; 17.291 ; 17.291 ;
; inY[1]     ; oULA[1]     ; 12.743 ; 12.077 ; 12.077 ; 12.743 ;
; inY[1]     ; oULA[2]     ; 12.033 ; 12.033 ; 12.033 ; 12.033 ;
; inY[1]     ; oULA[3]     ; 14.689 ; 14.689 ; 14.689 ; 14.689 ;
; inY[1]     ; oULA[4]     ; 14.632 ; 14.632 ; 14.632 ; 14.632 ;
; inY[1]     ; oULA[5]     ; 16.776 ; 16.776 ; 16.776 ; 16.776 ;
; inY[1]     ; oULA[6]     ; 16.566 ; 16.566 ; 16.566 ; 16.566 ;
; inY[1]     ; oULA[7]     ; 17.291 ; 17.291 ; 17.291 ; 17.291 ;
; inY[1]     ; zero        ; 18.021 ; 18.021 ; 18.021 ; 18.021 ;
; inY[2]     ; Negativo    ; 16.093 ; 16.093 ; 16.093 ; 16.093 ;
; inY[2]     ; oULA[2]     ; 12.230 ; 12.230 ; 12.230 ; 12.230 ;
; inY[2]     ; oULA[3]     ; 13.491 ; 13.491 ; 13.491 ; 13.491 ;
; inY[2]     ; oULA[4]     ; 13.434 ; 13.434 ; 13.434 ; 13.434 ;
; inY[2]     ; oULA[5]     ; 15.578 ; 15.578 ; 15.578 ; 15.578 ;
; inY[2]     ; oULA[6]     ; 15.368 ; 15.368 ; 15.368 ; 15.368 ;
; inY[2]     ; oULA[7]     ; 16.093 ; 16.093 ; 16.093 ; 16.093 ;
; inY[2]     ; zero        ; 16.823 ; 16.823 ; 16.823 ; 16.823 ;
; inY[3]     ; Negativo    ; 15.090 ; 15.090 ; 15.090 ; 15.090 ;
; inY[3]     ; oULA[3]     ; 12.499 ; 12.499 ; 12.499 ; 12.499 ;
; inY[3]     ; oULA[4]     ; 12.431 ; 12.431 ; 12.431 ; 12.431 ;
; inY[3]     ; oULA[5]     ; 14.575 ; 14.575 ; 14.575 ; 14.575 ;
; inY[3]     ; oULA[6]     ; 14.365 ; 14.365 ; 14.365 ; 14.365 ;
; inY[3]     ; oULA[7]     ; 15.090 ; 15.090 ; 15.090 ; 15.090 ;
; inY[3]     ; zero        ; 15.820 ; 15.820 ; 15.820 ; 15.820 ;
; inY[4]     ; Negativo    ; 13.783 ; 13.783 ; 13.783 ; 13.783 ;
; inY[4]     ; oULA[4]     ; 12.498 ; 12.498 ; 12.498 ; 12.498 ;
; inY[4]     ; oULA[5]     ; 13.265 ; 13.265 ; 13.265 ; 13.265 ;
; inY[4]     ; oULA[6]     ; 13.058 ; 13.058 ; 13.058 ; 13.058 ;
; inY[4]     ; oULA[7]     ; 13.783 ; 13.783 ; 13.783 ; 13.783 ;
; inY[4]     ; zero        ; 15.567 ; 15.567 ; 15.567 ; 15.567 ;
; inY[5]     ; Negativo    ; 9.763  ; 9.763  ; 9.763  ; 9.763  ;
; inY[5]     ; oULA[5]     ; 10.279 ; 10.279 ; 10.279 ; 10.279 ;
; inY[5]     ; oULA[6]     ; 9.038  ; 9.038  ; 9.038  ; 9.038  ;
; inY[5]     ; oULA[7]     ; 9.763  ; 9.763  ; 9.763  ; 9.763  ;
; inY[5]     ; zero        ; 11.524 ; 11.524 ; 11.524 ; 11.524 ;
; inY[6]     ; Negativo    ; 12.824 ; 12.824 ; 12.824 ; 12.824 ;
; inY[6]     ; oULA[6]     ; 12.129 ; 11.609 ; 11.609 ; 12.129 ;
; inY[6]     ; oULA[7]     ; 12.824 ; 12.824 ; 12.824 ; 12.824 ;
; inY[6]     ; zero        ; 13.391 ; 13.391 ; 13.391 ; 13.391 ;
; inY[7]     ; Negativo    ; 12.566 ; 12.566 ; 12.566 ; 12.566 ;
; inY[7]     ; oULA[7]     ; 12.566 ; 12.566 ; 12.566 ; 12.566 ;
; inY[7]     ; zero        ; 13.133 ; 13.133 ; 13.133 ; 13.133 ;
; selULA[0]  ; Negativo    ; 13.500 ; 13.235 ; 13.235 ; 13.500 ;
; selULA[0]  ; oULA[0]     ; 12.086 ; 12.086 ; 12.086 ; 12.086 ;
; selULA[0]  ; oULA[1]     ; 13.960 ; 13.641 ; 13.641 ; 13.960 ;
; selULA[0]  ; oULA[2]     ; 13.676 ; 13.676 ; 13.676 ; 13.676 ;
; selULA[0]  ; oULA[3]     ; 13.607 ; 13.509 ; 13.509 ; 13.607 ;
; selULA[0]  ; oULA[4]     ; 13.836 ; 13.836 ; 13.836 ; 13.836 ;
; selULA[0]  ; oULA[5]     ; 13.547 ; 13.868 ; 13.868 ; 13.547 ;
; selULA[0]  ; oULA[6]     ; 13.266 ; 13.050 ; 13.050 ; 13.266 ;
; selULA[0]  ; oULA[7]     ; 13.500 ; 13.235 ; 13.235 ; 13.500 ;
; selULA[0]  ; zero        ; 16.905 ; 16.905 ; 16.905 ; 16.905 ;
; selULA[1]  ; Negativo    ; 13.651 ; 13.442 ; 13.442 ; 13.651 ;
; selULA[1]  ; oULA[0]     ; 11.594 ; 11.594 ; 11.594 ; 11.594 ;
; selULA[1]  ; oULA[1]     ; 14.083 ; 13.882 ; 13.882 ; 14.083 ;
; selULA[1]  ; oULA[2]     ; 13.799 ; 13.799 ; 13.799 ; 13.799 ;
; selULA[1]  ; oULA[3]     ; 13.689 ; 13.825 ; 13.825 ; 13.689 ;
; selULA[1]  ; oULA[4]     ; 13.959 ; 13.959 ; 13.959 ; 13.959 ;
; selULA[1]  ; oULA[5]     ; 13.831 ; 14.105 ; 14.105 ; 13.831 ;
; selULA[1]  ; oULA[6]     ; 13.389 ; 13.291 ; 13.291 ; 13.389 ;
; selULA[1]  ; oULA[7]     ; 13.651 ; 13.442 ; 13.442 ; 13.651 ;
; selULA[1]  ; zero        ; 17.028 ; 17.028 ; 17.028 ; 17.028 ;
; selULA[2]  ; Negativo    ; 13.881 ; 12.904 ; 12.904 ; 13.881 ;
; selULA[2]  ; oULA[0]     ; 12.484 ; 12.484 ; 12.484 ; 12.484 ;
; selULA[2]  ; oULA[1]     ; 14.047 ; 14.349 ; 14.349 ; 14.047 ;
; selULA[2]  ; oULA[2]     ; 14.065 ; 14.065 ; 14.065 ; 14.065 ;
; selULA[2]  ; oULA[3]     ; 13.992 ; 13.232 ; 13.232 ; 13.992 ;
; selULA[2]  ; oULA[4]     ; 14.225 ; 14.225 ; 14.225 ; 14.225 ;
; selULA[2]  ; oULA[5]     ; 14.271 ; 13.936 ; 13.936 ; 14.271 ;
; selULA[2]  ; oULA[6]     ; 13.546 ; 13.655 ; 13.655 ; 13.546 ;
; selULA[2]  ; oULA[7]     ; 13.881 ; 12.904 ; 12.904 ; 13.881 ;
; selULA[2]  ; zero        ; 17.294 ; 17.294 ; 17.294 ; 17.294 ;
+------------+-------------+--------+--------+--------+--------+


+--------------------------------------------------------------+
; Minimum Propagation Delay                                    ;
+------------+-------------+--------+--------+--------+--------+
; Input Port ; Output Port ; RR     ; RF     ; FR     ; FF     ;
+------------+-------------+--------+--------+--------+--------+
; inX[0]     ; Negativo    ; 16.819 ; 16.819 ; 16.819 ; 16.819 ;
; inX[0]     ; oULA[0]     ; 12.097 ; 12.097 ; 12.097 ; 12.097 ;
; inX[0]     ; oULA[1]     ; 11.909 ; 11.909 ; 11.909 ; 11.909 ;
; inX[0]     ; oULA[2]     ; 11.868 ; 11.868 ; 11.868 ; 11.868 ;
; inX[0]     ; oULA[3]     ; 14.220 ; 14.220 ; 14.220 ; 14.220 ;
; inX[0]     ; oULA[4]     ; 14.160 ; 14.160 ; 14.160 ; 14.160 ;
; inX[0]     ; oULA[5]     ; 16.304 ; 16.304 ; 16.304 ; 16.304 ;
; inX[0]     ; oULA[6]     ; 16.094 ; 16.094 ; 16.094 ; 16.094 ;
; inX[0]     ; oULA[7]     ; 16.819 ; 16.819 ; 16.819 ; 16.819 ;
; inX[0]     ; zero        ; 14.411 ; 14.411 ; 14.411 ; 14.411 ;
; inX[1]     ; Negativo    ; 17.505 ; 17.505 ; 17.505 ; 17.505 ;
; inX[1]     ; oULA[1]     ; 12.007 ; 12.595 ; 12.595 ; 12.007 ;
; inX[1]     ; oULA[2]     ; 12.554 ; 12.554 ; 12.554 ; 12.554 ;
; inX[1]     ; oULA[3]     ; 14.906 ; 14.906 ; 14.906 ; 14.906 ;
; inX[1]     ; oULA[4]     ; 14.846 ; 14.846 ; 14.846 ; 14.846 ;
; inX[1]     ; oULA[5]     ; 16.990 ; 16.990 ; 16.990 ; 16.990 ;
; inX[1]     ; oULA[6]     ; 16.780 ; 16.780 ; 16.780 ; 16.780 ;
; inX[1]     ; oULA[7]     ; 17.505 ; 17.505 ; 17.505 ; 17.505 ;
; inX[1]     ; zero        ; 15.097 ; 14.509 ; 14.509 ; 15.097 ;
; inX[2]     ; Negativo    ; 16.335 ; 16.335 ; 16.335 ; 16.335 ;
; inX[2]     ; oULA[2]     ; 11.554 ; 11.554 ; 11.554 ; 11.554 ;
; inX[2]     ; oULA[3]     ; 13.733 ; 13.733 ; 13.733 ; 13.733 ;
; inX[2]     ; oULA[4]     ; 13.676 ; 13.676 ; 13.676 ; 13.676 ;
; inX[2]     ; oULA[5]     ; 15.820 ; 15.820 ; 15.820 ; 15.820 ;
; inX[2]     ; oULA[6]     ; 15.610 ; 15.610 ; 15.610 ; 15.610 ;
; inX[2]     ; oULA[7]     ; 16.335 ; 16.335 ; 16.335 ; 16.335 ;
; inX[2]     ; zero        ; 14.200 ; 14.200 ; 14.200 ; 14.200 ;
; inX[3]     ; Negativo    ; 14.892 ; 14.892 ; 14.892 ; 14.892 ;
; inX[3]     ; oULA[3]     ; 11.800 ; 11.483 ; 11.483 ; 11.800 ;
; inX[3]     ; oULA[4]     ; 12.233 ; 12.233 ; 12.233 ; 12.233 ;
; inX[3]     ; oULA[5]     ; 14.377 ; 14.377 ; 14.377 ; 14.377 ;
; inX[3]     ; oULA[6]     ; 14.167 ; 14.167 ; 14.167 ; 14.167 ;
; inX[3]     ; oULA[7]     ; 14.892 ; 14.892 ; 14.892 ; 14.892 ;
; inX[3]     ; zero        ; 13.621 ; 13.938 ; 13.938 ; 13.621 ;
; inX[4]     ; Negativo    ; 14.112 ; 14.112 ; 14.112 ; 14.112 ;
; inX[4]     ; oULA[4]     ; 12.316 ; 12.316 ; 12.316 ; 12.316 ;
; inX[4]     ; oULA[5]     ; 13.594 ; 13.594 ; 13.594 ; 13.594 ;
; inX[4]     ; oULA[6]     ; 13.387 ; 13.387 ; 13.387 ; 13.387 ;
; inX[4]     ; oULA[7]     ; 14.112 ; 14.112 ; 14.112 ; 14.112 ;
; inX[4]     ; zero        ; 13.573 ; 13.573 ; 13.573 ; 13.573 ;
; inX[5]     ; Negativo    ; 10.000 ; 10.000 ; 10.000 ; 10.000 ;
; inX[5]     ; oULA[5]     ; 9.312  ; 9.272  ; 9.272  ; 9.312  ;
; inX[5]     ; oULA[6]     ; 9.275  ; 9.275  ; 9.275  ; 9.275  ;
; inX[5]     ; oULA[7]     ; 10.000 ; 10.000 ; 10.000 ; 10.000 ;
; inX[5]     ; zero        ; 9.461  ; 9.461  ; 9.461  ; 9.461  ;
; inX[6]     ; Negativo    ; 13.142 ; 13.142 ; 13.142 ; 13.142 ;
; inX[6]     ; oULA[6]     ; 11.929 ; 11.853 ; 11.853 ; 11.929 ;
; inX[6]     ; oULA[7]     ; 13.142 ; 13.142 ; 13.142 ; 13.142 ;
; inX[6]     ; zero        ; 12.039 ; 12.115 ; 12.115 ; 12.039 ;
; inX[7]     ; Negativo    ; 11.876 ; 13.164 ; 13.164 ; 11.876 ;
; inX[7]     ; oULA[7]     ; 11.876 ; 13.164 ; 13.164 ; 11.876 ;
; inX[7]     ; zero        ; 13.731 ; 12.443 ; 12.443 ; 13.731 ;
; inY[0]     ; Negativo    ; 17.459 ; 17.459 ; 17.459 ; 17.459 ;
; inY[0]     ; oULA[0]     ; 12.353 ; 12.559 ; 12.559 ; 12.353 ;
; inY[0]     ; oULA[1]     ; 12.550 ; 12.550 ; 12.550 ; 12.550 ;
; inY[0]     ; oULA[2]     ; 12.508 ; 12.508 ; 12.508 ; 12.508 ;
; inY[0]     ; oULA[3]     ; 14.860 ; 14.860 ; 14.860 ; 14.860 ;
; inY[0]     ; oULA[4]     ; 14.800 ; 14.800 ; 14.800 ; 14.800 ;
; inY[0]     ; oULA[5]     ; 16.944 ; 16.944 ; 16.944 ; 16.944 ;
; inY[0]     ; oULA[6]     ; 16.734 ; 16.734 ; 16.734 ; 16.734 ;
; inY[0]     ; oULA[7]     ; 17.459 ; 17.459 ; 17.459 ; 17.459 ;
; inY[0]     ; zero        ; 15.052 ; 15.029 ; 15.029 ; 15.052 ;
; inY[1]     ; Negativo    ; 16.984 ; 16.984 ; 16.984 ; 16.984 ;
; inY[1]     ; oULA[1]     ; 11.965 ; 12.077 ; 12.077 ; 11.965 ;
; inY[1]     ; oULA[2]     ; 12.033 ; 12.033 ; 12.033 ; 12.033 ;
; inY[1]     ; oULA[3]     ; 14.385 ; 14.385 ; 14.385 ; 14.385 ;
; inY[1]     ; oULA[4]     ; 14.325 ; 14.325 ; 14.325 ; 14.325 ;
; inY[1]     ; oULA[5]     ; 16.469 ; 16.469 ; 16.469 ; 16.469 ;
; inY[1]     ; oULA[6]     ; 16.259 ; 16.259 ; 16.259 ; 16.259 ;
; inY[1]     ; oULA[7]     ; 16.984 ; 16.984 ; 16.984 ; 16.984 ;
; inY[1]     ; zero        ; 14.579 ; 14.467 ; 14.467 ; 14.579 ;
; inY[2]     ; Negativo    ; 15.817 ; 15.817 ; 15.817 ; 15.817 ;
; inY[2]     ; oULA[2]     ; 12.046 ; 12.046 ; 12.046 ; 12.046 ;
; inY[2]     ; oULA[3]     ; 13.218 ; 13.218 ; 13.218 ; 13.218 ;
; inY[2]     ; oULA[4]     ; 13.158 ; 13.158 ; 13.158 ; 13.158 ;
; inY[2]     ; oULA[5]     ; 15.302 ; 15.302 ; 15.302 ; 15.302 ;
; inY[2]     ; oULA[6]     ; 15.092 ; 15.092 ; 15.092 ; 15.092 ;
; inY[2]     ; oULA[7]     ; 15.817 ; 15.817 ; 15.817 ; 15.817 ;
; inY[2]     ; zero        ; 14.692 ; 14.692 ; 14.692 ; 14.692 ;
; inY[3]     ; Negativo    ; 15.090 ; 15.090 ; 15.090 ; 15.090 ;
; inY[3]     ; oULA[3]     ; 11.223 ; 12.499 ; 12.499 ; 11.223 ;
; inY[3]     ; oULA[4]     ; 12.431 ; 12.431 ; 12.431 ; 12.431 ;
; inY[3]     ; oULA[5]     ; 14.575 ; 14.575 ; 14.575 ; 14.575 ;
; inY[3]     ; oULA[6]     ; 14.365 ; 14.365 ; 14.365 ; 14.365 ;
; inY[3]     ; oULA[7]     ; 15.090 ; 15.090 ; 15.090 ; 15.090 ;
; inY[3]     ; zero        ; 14.551 ; 13.361 ; 13.361 ; 14.551 ;
; inY[4]     ; Negativo    ; 13.783 ; 13.783 ; 13.783 ; 13.783 ;
; inY[4]     ; oULA[4]     ; 11.986 ; 11.986 ; 11.986 ; 11.986 ;
; inY[4]     ; oULA[5]     ; 13.265 ; 13.265 ; 13.265 ; 13.265 ;
; inY[4]     ; oULA[6]     ; 13.058 ; 13.058 ; 13.058 ; 13.058 ;
; inY[4]     ; oULA[7]     ; 13.783 ; 13.783 ; 13.783 ; 13.783 ;
; inY[4]     ; zero        ; 13.244 ; 13.244 ; 13.244 ; 13.244 ;
; inY[5]     ; Negativo    ; 9.763  ; 9.763  ; 9.763  ; 9.763  ;
; inY[5]     ; oULA[5]     ; 9.271  ; 9.271  ; 9.271  ; 9.271  ;
; inY[5]     ; oULA[6]     ; 9.038  ; 9.038  ; 9.038  ; 9.038  ;
; inY[5]     ; oULA[7]     ; 9.763  ; 9.763  ; 9.763  ; 9.763  ;
; inY[5]     ; zero        ; 9.224  ; 9.224  ; 9.224  ; 9.224  ;
; inY[6]     ; Negativo    ; 12.824 ; 12.824 ; 12.824 ; 12.824 ;
; inY[6]     ; oULA[6]     ; 11.608 ; 11.609 ; 11.609 ; 11.608 ;
; inY[6]     ; oULA[7]     ; 12.824 ; 12.824 ; 12.824 ; 12.824 ;
; inY[6]     ; zero        ; 11.795 ; 11.794 ; 11.794 ; 11.795 ;
; inY[7]     ; Negativo    ; 11.769 ; 12.566 ; 12.566 ; 11.769 ;
; inY[7]     ; oULA[7]     ; 11.769 ; 12.566 ; 12.566 ; 11.769 ;
; inY[7]     ; zero        ; 13.133 ; 12.336 ; 12.336 ; 13.133 ;
; selULA[0]  ; Negativo    ; 11.373 ; 11.373 ; 11.373 ; 11.373 ;
; selULA[0]  ; oULA[0]     ; 11.358 ; 11.358 ; 11.358 ; 11.358 ;
; selULA[0]  ; oULA[1]     ; 11.373 ; 11.373 ; 11.373 ; 11.373 ;
; selULA[0]  ; oULA[2]     ; 11.066 ; 11.066 ; 11.066 ; 11.066 ;
; selULA[0]  ; oULA[3]     ; 11.378 ; 11.378 ; 11.378 ; 11.378 ;
; selULA[0]  ; oULA[4]     ; 11.368 ; 11.368 ; 11.368 ; 11.368 ;
; selULA[0]  ; oULA[5]     ; 11.373 ; 11.373 ; 11.373 ; 11.373 ;
; selULA[0]  ; oULA[6]     ; 11.378 ; 11.378 ; 11.378 ; 11.378 ;
; selULA[0]  ; oULA[7]     ; 11.373 ; 11.373 ; 11.373 ; 11.373 ;
; selULA[0]  ; zero        ; 12.787 ; 12.163 ; 12.163 ; 12.787 ;
; selULA[1]  ; Negativo    ; 11.609 ; 11.609 ; 11.609 ; 11.609 ;
; selULA[1]  ; oULA[0]     ; 11.125 ; 11.125 ; 11.125 ; 11.125 ;
; selULA[1]  ; oULA[1]     ; 11.609 ; 11.609 ; 11.609 ; 11.609 ;
; selULA[1]  ; oULA[2]     ; 11.302 ; 11.302 ; 11.302 ; 11.302 ;
; selULA[1]  ; oULA[3]     ; 11.614 ; 11.614 ; 11.614 ; 11.614 ;
; selULA[1]  ; oULA[4]     ; 11.604 ; 11.604 ; 11.604 ; 11.604 ;
; selULA[1]  ; oULA[5]     ; 11.609 ; 11.609 ; 11.609 ; 11.609 ;
; selULA[1]  ; oULA[6]     ; 11.614 ; 11.614 ; 11.614 ; 11.614 ;
; selULA[1]  ; oULA[7]     ; 11.609 ; 11.609 ; 11.609 ; 11.609 ;
; selULA[1]  ; zero        ; 13.358 ; 12.025 ; 12.025 ; 13.358 ;
; selULA[2]  ; Negativo    ; 11.776 ; 11.776 ; 11.776 ; 11.776 ;
; selULA[2]  ; oULA[0]     ; 11.761 ; 11.761 ; 11.761 ; 11.761 ;
; selULA[2]  ; oULA[1]     ; 11.776 ; 11.776 ; 11.776 ; 11.776 ;
; selULA[2]  ; oULA[2]     ; 11.469 ; 11.469 ; 11.469 ; 11.469 ;
; selULA[2]  ; oULA[3]     ; 11.781 ; 11.781 ; 11.781 ; 11.781 ;
; selULA[2]  ; oULA[4]     ; 11.771 ; 11.771 ; 11.771 ; 11.771 ;
; selULA[2]  ; oULA[5]     ; 11.776 ; 11.776 ; 11.776 ; 11.776 ;
; selULA[2]  ; oULA[6]     ; 11.781 ; 11.781 ; 11.781 ; 11.781 ;
; selULA[2]  ; oULA[7]     ; 11.776 ; 11.776 ; 11.776 ; 11.776 ;
; selULA[2]  ; zero        ; 13.471 ; 13.122 ; 13.122 ; 13.471 ;
+------------+-------------+--------+--------+--------+--------+


----------------------------
; Fast Model Setup Summary ;
----------------------------
No paths to report.


---------------------------
; Fast Model Hold Summary ;
---------------------------
No paths to report.


-------------------------------
; Fast Model Recovery Summary ;
-------------------------------
No paths to report.


------------------------------
; Fast Model Removal Summary ;
------------------------------
No paths to report.


------------------------------------------
; Fast Model Minimum Pulse Width Summary ;
------------------------------------------
No paths to report.


+----------------------------------------------------------+
; Propagation Delay                                        ;
+------------+-------------+-------+-------+-------+-------+
; Input Port ; Output Port ; RR    ; RF    ; FR    ; FF    ;
+------------+-------------+-------+-------+-------+-------+
; inX[0]     ; Negativo    ; 7.825 ; 7.825 ; 7.825 ; 7.825 ;
; inX[0]     ; oULA[0]     ; 6.081 ; 6.081 ; 6.081 ; 6.081 ;
; inX[0]     ; oULA[1]     ; 5.955 ; 5.955 ; 5.955 ; 5.955 ;
; inX[0]     ; oULA[2]     ; 5.942 ; 5.942 ; 5.942 ; 5.942 ;
; inX[0]     ; oULA[3]     ; 6.869 ; 6.869 ; 6.869 ; 6.869 ;
; inX[0]     ; oULA[4]     ; 6.868 ; 6.868 ; 6.868 ; 6.868 ;
; inX[0]     ; oULA[5]     ; 7.626 ; 7.626 ; 7.626 ; 7.626 ;
; inX[0]     ; oULA[6]     ; 7.575 ; 7.575 ; 7.575 ; 7.575 ;
; inX[0]     ; oULA[7]     ; 7.825 ; 7.825 ; 7.825 ; 7.825 ;
; inX[0]     ; zero        ; 8.076 ; 8.076 ; 8.076 ; 8.076 ;
; inX[1]     ; Negativo    ; 8.041 ; 8.041 ; 8.041 ; 8.041 ;
; inX[1]     ; oULA[1]     ; 6.175 ; 6.249 ; 6.249 ; 6.175 ;
; inX[1]     ; oULA[2]     ; 6.158 ; 6.158 ; 6.158 ; 6.158 ;
; inX[1]     ; oULA[3]     ; 7.085 ; 7.085 ; 7.085 ; 7.085 ;
; inX[1]     ; oULA[4]     ; 7.084 ; 7.084 ; 7.084 ; 7.084 ;
; inX[1]     ; oULA[5]     ; 7.842 ; 7.842 ; 7.842 ; 7.842 ;
; inX[1]     ; oULA[6]     ; 7.791 ; 7.791 ; 7.791 ; 7.791 ;
; inX[1]     ; oULA[7]     ; 8.041 ; 8.041 ; 8.041 ; 8.041 ;
; inX[1]     ; zero        ; 8.292 ; 8.292 ; 8.292 ; 8.292 ;
; inX[2]     ; Negativo    ; 7.536 ; 7.536 ; 7.536 ; 7.536 ;
; inX[2]     ; oULA[2]     ; 5.894 ; 5.894 ; 5.894 ; 5.894 ;
; inX[2]     ; oULA[3]     ; 6.580 ; 6.580 ; 6.580 ; 6.580 ;
; inX[2]     ; oULA[4]     ; 6.579 ; 6.579 ; 6.579 ; 6.579 ;
; inX[2]     ; oULA[5]     ; 7.337 ; 7.337 ; 7.337 ; 7.337 ;
; inX[2]     ; oULA[6]     ; 7.286 ; 7.286 ; 7.286 ; 7.286 ;
; inX[2]     ; oULA[7]     ; 7.536 ; 7.536 ; 7.536 ; 7.536 ;
; inX[2]     ; zero        ; 7.787 ; 7.787 ; 7.787 ; 7.787 ;
; inX[3]     ; Negativo    ; 7.016 ; 7.016 ; 7.016 ; 7.016 ;
; inX[3]     ; oULA[3]     ; 6.069 ; 6.069 ; 6.069 ; 6.069 ;
; inX[3]     ; oULA[4]     ; 6.059 ; 6.059 ; 6.059 ; 6.059 ;
; inX[3]     ; oULA[5]     ; 6.817 ; 6.817 ; 6.817 ; 6.817 ;
; inX[3]     ; oULA[6]     ; 6.766 ; 6.766 ; 6.766 ; 6.766 ;
; inX[3]     ; oULA[7]     ; 7.016 ; 7.016 ; 7.016 ; 7.016 ;
; inX[3]     ; zero        ; 7.267 ; 7.267 ; 7.267 ; 7.267 ;
; inX[4]     ; Negativo    ; 6.721 ; 6.721 ; 6.721 ; 6.721 ;
; inX[4]     ; oULA[4]     ; 6.270 ; 6.270 ; 6.270 ; 6.270 ;
; inX[4]     ; oULA[5]     ; 6.523 ; 6.523 ; 6.523 ; 6.523 ;
; inX[4]     ; oULA[6]     ; 6.471 ; 6.471 ; 6.471 ; 6.471 ;
; inX[4]     ; oULA[7]     ; 6.721 ; 6.721 ; 6.721 ; 6.721 ;
; inX[4]     ; zero        ; 7.393 ; 7.393 ; 7.393 ; 7.393 ;
; inX[5]     ; Negativo    ; 4.422 ; 4.422 ; 4.422 ; 4.422 ;
; inX[5]     ; oULA[5]     ; 4.540 ; 4.314 ; 4.314 ; 4.540 ;
; inX[5]     ; oULA[6]     ; 4.172 ; 4.172 ; 4.172 ; 4.172 ;
; inX[5]     ; oULA[7]     ; 4.422 ; 4.422 ; 4.422 ; 4.422 ;
; inX[5]     ; zero        ; 4.764 ; 4.990 ; 4.990 ; 4.764 ;
; inX[6]     ; Negativo    ; 6.384 ; 6.384 ; 6.384 ; 6.384 ;
; inX[6]     ; oULA[6]     ; 6.020 ; 6.020 ; 6.020 ; 6.020 ;
; inX[6]     ; oULA[7]     ; 6.384 ; 6.384 ; 6.384 ; 6.384 ;
; inX[6]     ; zero        ; 6.575 ; 6.575 ; 6.575 ; 6.575 ;
; inX[7]     ; Negativo    ; 6.387 ; 6.423 ; 6.423 ; 6.387 ;
; inX[7]     ; oULA[7]     ; 6.387 ; 6.423 ; 6.423 ; 6.387 ;
; inX[7]     ; zero        ; 6.614 ; 6.578 ; 6.578 ; 6.614 ;
; inY[0]     ; Negativo    ; 8.058 ; 8.058 ; 8.058 ; 8.058 ;
; inY[0]     ; oULA[0]     ; 6.183 ; 6.183 ; 6.183 ; 6.183 ;
; inY[0]     ; oULA[1]     ; 6.185 ; 6.185 ; 6.185 ; 6.185 ;
; inY[0]     ; oULA[2]     ; 6.175 ; 6.175 ; 6.175 ; 6.175 ;
; inY[0]     ; oULA[3]     ; 7.102 ; 7.102 ; 7.102 ; 7.102 ;
; inY[0]     ; oULA[4]     ; 7.101 ; 7.101 ; 7.101 ; 7.101 ;
; inY[0]     ; oULA[5]     ; 7.859 ; 7.859 ; 7.859 ; 7.859 ;
; inY[0]     ; oULA[6]     ; 7.808 ; 7.808 ; 7.808 ; 7.808 ;
; inY[0]     ; oULA[7]     ; 8.058 ; 8.058 ; 8.058 ; 8.058 ;
; inY[0]     ; zero        ; 8.309 ; 8.309 ; 8.309 ; 8.309 ;
; inY[1]     ; Negativo    ; 7.852 ; 7.852 ; 7.852 ; 7.852 ;
; inY[1]     ; oULA[1]     ; 6.227 ; 5.985 ; 5.985 ; 6.227 ;
; inY[1]     ; oULA[2]     ; 5.969 ; 5.969 ; 5.969 ; 5.969 ;
; inY[1]     ; oULA[3]     ; 6.896 ; 6.896 ; 6.896 ; 6.896 ;
; inY[1]     ; oULA[4]     ; 6.895 ; 6.895 ; 6.895 ; 6.895 ;
; inY[1]     ; oULA[5]     ; 7.653 ; 7.653 ; 7.653 ; 7.653 ;
; inY[1]     ; oULA[6]     ; 7.602 ; 7.602 ; 7.602 ; 7.602 ;
; inY[1]     ; oULA[7]     ; 7.852 ; 7.852 ; 7.852 ; 7.852 ;
; inY[1]     ; zero        ; 8.103 ; 8.103 ; 8.103 ; 8.103 ;
; inY[2]     ; Negativo    ; 7.439 ; 7.439 ; 7.439 ; 7.439 ;
; inY[2]     ; oULA[2]     ; 6.043 ; 6.043 ; 6.043 ; 6.043 ;
; inY[2]     ; oULA[3]     ; 6.483 ; 6.483 ; 6.483 ; 6.483 ;
; inY[2]     ; oULA[4]     ; 6.482 ; 6.482 ; 6.482 ; 6.482 ;
; inY[2]     ; oULA[5]     ; 7.240 ; 7.240 ; 7.240 ; 7.240 ;
; inY[2]     ; oULA[6]     ; 7.189 ; 7.189 ; 7.189 ; 7.189 ;
; inY[2]     ; oULA[7]     ; 7.439 ; 7.439 ; 7.439 ; 7.439 ;
; inY[2]     ; zero        ; 7.690 ; 7.690 ; 7.690 ; 7.690 ;
; inY[3]     ; Negativo    ; 7.107 ; 7.107 ; 7.107 ; 7.107 ;
; inY[3]     ; oULA[3]     ; 6.156 ; 6.156 ; 6.156 ; 6.156 ;
; inY[3]     ; oULA[4]     ; 6.150 ; 6.150 ; 6.150 ; 6.150 ;
; inY[3]     ; oULA[5]     ; 6.908 ; 6.908 ; 6.908 ; 6.908 ;
; inY[3]     ; oULA[6]     ; 6.857 ; 6.857 ; 6.857 ; 6.857 ;
; inY[3]     ; oULA[7]     ; 7.107 ; 7.107 ; 7.107 ; 7.107 ;
; inY[3]     ; zero        ; 7.358 ; 7.358 ; 7.358 ; 7.358 ;
; inY[4]     ; Negativo    ; 6.637 ; 6.637 ; 6.637 ; 6.637 ;
; inY[4]     ; oULA[4]     ; 6.181 ; 6.181 ; 6.181 ; 6.181 ;
; inY[4]     ; oULA[5]     ; 6.439 ; 6.439 ; 6.439 ; 6.439 ;
; inY[4]     ; oULA[6]     ; 6.387 ; 6.387 ; 6.387 ; 6.387 ;
; inY[4]     ; oULA[7]     ; 6.637 ; 6.637 ; 6.637 ; 6.637 ;
; inY[4]     ; zero        ; 7.304 ; 7.304 ; 7.304 ; 7.304 ;
; inY[5]     ; Negativo    ; 4.329 ; 4.329 ; 4.329 ; 4.329 ;
; inY[5]     ; oULA[5]     ; 4.502 ; 4.502 ; 4.502 ; 4.502 ;
; inY[5]     ; oULA[6]     ; 4.079 ; 4.079 ; 4.079 ; 4.079 ;
; inY[5]     ; oULA[7]     ; 4.329 ; 4.329 ; 4.329 ; 4.329 ;
; inY[5]     ; zero        ; 4.952 ; 4.952 ; 4.952 ; 4.952 ;
; inY[6]     ; Negativo    ; 6.258 ; 6.258 ; 6.258 ; 6.258 ;
; inY[6]     ; oULA[6]     ; 6.008 ; 5.838 ; 5.838 ; 6.008 ;
; inY[6]     ; oULA[7]     ; 6.258 ; 6.258 ; 6.258 ; 6.258 ;
; inY[6]     ; zero        ; 6.449 ; 6.449 ; 6.449 ; 6.449 ;
; inY[7]     ; Negativo    ; 6.195 ; 6.195 ; 6.195 ; 6.195 ;
; inY[7]     ; oULA[7]     ; 6.195 ; 6.195 ; 6.195 ; 6.195 ;
; inY[7]     ; zero        ; 6.386 ; 6.386 ; 6.386 ; 6.386 ;
; selULA[0]  ; Negativo    ; 6.551 ; 6.461 ; 6.461 ; 6.551 ;
; selULA[0]  ; oULA[0]     ; 5.977 ; 5.977 ; 5.977 ; 5.977 ;
; selULA[0]  ; oULA[1]     ; 6.691 ; 6.583 ; 6.583 ; 6.691 ;
; selULA[0]  ; oULA[2]     ; 6.578 ; 6.578 ; 6.578 ; 6.578 ;
; selULA[0]  ; oULA[3]     ; 6.568 ; 6.563 ; 6.563 ; 6.568 ;
; selULA[0]  ; oULA[4]     ; 6.657 ; 6.657 ; 6.657 ; 6.657 ;
; selULA[0]  ; oULA[5]     ; 6.569 ; 6.645 ; 6.645 ; 6.569 ;
; selULA[0]  ; oULA[6]     ; 6.459 ; 6.392 ; 6.392 ; 6.459 ;
; selULA[0]  ; oULA[7]     ; 6.551 ; 6.461 ; 6.461 ; 6.551 ;
; selULA[0]  ; zero        ; 7.780 ; 7.780 ; 7.780 ; 7.780 ;
; selULA[1]  ; Negativo    ; 6.621 ; 6.505 ; 6.505 ; 6.621 ;
; selULA[1]  ; oULA[0]     ; 5.834 ; 5.834 ; 5.834 ; 5.834 ;
; selULA[1]  ; oULA[1]     ; 6.767 ; 6.654 ; 6.654 ; 6.767 ;
; selULA[1]  ; oULA[2]     ; 6.654 ; 6.654 ; 6.654 ; 6.654 ;
; selULA[1]  ; oULA[3]     ; 6.634 ; 6.644 ; 6.644 ; 6.634 ;
; selULA[1]  ; oULA[4]     ; 6.733 ; 6.733 ; 6.733 ; 6.733 ;
; selULA[1]  ; oULA[5]     ; 6.660 ; 6.737 ; 6.737 ; 6.660 ;
; selULA[1]  ; oULA[6]     ; 6.535 ; 6.463 ; 6.463 ; 6.535 ;
; selULA[1]  ; oULA[7]     ; 6.621 ; 6.505 ; 6.505 ; 6.621 ;
; selULA[1]  ; zero        ; 7.856 ; 7.856 ; 7.856 ; 7.856 ;
; selULA[2]  ; Negativo    ; 6.724 ; 6.375 ; 6.375 ; 6.724 ;
; selULA[2]  ; oULA[0]     ; 6.169 ; 6.169 ; 6.169 ; 6.169 ;
; selULA[2]  ; oULA[1]     ; 6.754 ; 6.875 ; 6.875 ; 6.754 ;
; selULA[2]  ; oULA[2]     ; 6.762 ; 6.762 ; 6.762 ; 6.762 ;
; selULA[2]  ; oULA[3]     ; 6.746 ; 6.491 ; 6.491 ; 6.746 ;
; selULA[2]  ; oULA[4]     ; 6.841 ; 6.841 ; 6.841 ; 6.841 ;
; selULA[2]  ; oULA[5]     ; 6.840 ; 6.722 ; 6.722 ; 6.840 ;
; selULA[2]  ; oULA[6]     ; 6.605 ; 6.643 ; 6.643 ; 6.605 ;
; selULA[2]  ; oULA[7]     ; 6.724 ; 6.375 ; 6.375 ; 6.724 ;
; selULA[2]  ; zero        ; 7.964 ; 7.964 ; 7.964 ; 7.964 ;
+------------+-------------+-------+-------+-------+-------+


+----------------------------------------------------------+
; Minimum Propagation Delay                                ;
+------------+-------------+-------+-------+-------+-------+
; Input Port ; Output Port ; RR    ; RF    ; FR    ; FF    ;
+------------+-------------+-------+-------+-------+-------+
; inX[0]     ; Negativo    ; 7.732 ; 7.732 ; 7.732 ; 7.732 ;
; inX[0]     ; oULA[0]     ; 6.014 ; 6.014 ; 6.014 ; 6.014 ;
; inX[0]     ; oULA[1]     ; 5.955 ; 5.955 ; 5.955 ; 5.955 ;
; inX[0]     ; oULA[2]     ; 5.942 ; 5.942 ; 5.942 ; 5.942 ;
; inX[0]     ; oULA[3]     ; 6.775 ; 6.775 ; 6.775 ; 6.775 ;
; inX[0]     ; oULA[4]     ; 6.775 ; 6.775 ; 6.775 ; 6.775 ;
; inX[0]     ; oULA[5]     ; 7.533 ; 7.533 ; 7.533 ; 7.533 ;
; inX[0]     ; oULA[6]     ; 7.482 ; 7.482 ; 7.482 ; 7.482 ;
; inX[0]     ; oULA[7]     ; 7.732 ; 7.732 ; 7.732 ; 7.732 ;
; inX[0]     ; zero        ; 6.843 ; 6.843 ; 6.843 ; 6.843 ;
; inX[1]     ; Negativo    ; 7.948 ; 7.948 ; 7.948 ; 7.948 ;
; inX[1]     ; oULA[1]     ; 5.968 ; 6.175 ; 6.175 ; 5.968 ;
; inX[1]     ; oULA[2]     ; 6.158 ; 6.158 ; 6.158 ; 6.158 ;
; inX[1]     ; oULA[3]     ; 6.991 ; 6.991 ; 6.991 ; 6.991 ;
; inX[1]     ; oULA[4]     ; 6.991 ; 6.991 ; 6.991 ; 6.991 ;
; inX[1]     ; oULA[5]     ; 7.749 ; 7.749 ; 7.749 ; 7.749 ;
; inX[1]     ; oULA[6]     ; 7.698 ; 7.698 ; 7.698 ; 7.698 ;
; inX[1]     ; oULA[7]     ; 7.948 ; 7.948 ; 7.948 ; 7.948 ;
; inX[1]     ; zero        ; 7.063 ; 6.856 ; 6.856 ; 7.063 ;
; inX[2]     ; Negativo    ; 7.536 ; 7.536 ; 7.536 ; 7.536 ;
; inX[2]     ; oULA[2]     ; 5.818 ; 5.818 ; 5.818 ; 5.818 ;
; inX[2]     ; oULA[3]     ; 6.580 ; 6.580 ; 6.580 ; 6.580 ;
; inX[2]     ; oULA[4]     ; 6.579 ; 6.579 ; 6.579 ; 6.579 ;
; inX[2]     ; oULA[5]     ; 7.337 ; 7.337 ; 7.337 ; 7.337 ;
; inX[2]     ; oULA[6]     ; 7.286 ; 7.286 ; 7.286 ; 7.286 ;
; inX[2]     ; oULA[7]     ; 7.536 ; 7.536 ; 7.536 ; 7.536 ;
; inX[2]     ; zero        ; 6.776 ; 6.776 ; 6.776 ; 6.776 ;
; inX[3]     ; Negativo    ; 7.016 ; 7.016 ; 7.016 ; 7.016 ;
; inX[3]     ; oULA[3]     ; 5.908 ; 5.782 ; 5.782 ; 5.908 ;
; inX[3]     ; oULA[4]     ; 6.059 ; 6.059 ; 6.059 ; 6.059 ;
; inX[3]     ; oULA[5]     ; 6.817 ; 6.817 ; 6.817 ; 6.817 ;
; inX[3]     ; oULA[6]     ; 6.766 ; 6.766 ; 6.766 ; 6.766 ;
; inX[3]     ; oULA[7]     ; 7.016 ; 7.016 ; 7.016 ; 7.016 ;
; inX[3]     ; zero        ; 6.555 ; 6.681 ; 6.681 ; 6.555 ;
; inX[4]     ; Negativo    ; 6.721 ; 6.721 ; 6.721 ; 6.721 ;
; inX[4]     ; oULA[4]     ; 6.063 ; 6.063 ; 6.063 ; 6.063 ;
; inX[4]     ; oULA[5]     ; 6.523 ; 6.523 ; 6.523 ; 6.523 ;
; inX[4]     ; oULA[6]     ; 6.471 ; 6.471 ; 6.471 ; 6.471 ;
; inX[4]     ; oULA[7]     ; 6.721 ; 6.721 ; 6.721 ; 6.721 ;
; inX[4]     ; zero        ; 6.531 ; 6.531 ; 6.531 ; 6.531 ;
; inX[5]     ; Negativo    ; 4.422 ; 4.422 ; 4.422 ; 4.422 ;
; inX[5]     ; oULA[5]     ; 4.195 ; 4.164 ; 4.164 ; 4.195 ;
; inX[5]     ; oULA[6]     ; 4.172 ; 4.172 ; 4.172 ; 4.172 ;
; inX[5]     ; oULA[7]     ; 4.422 ; 4.422 ; 4.422 ; 4.422 ;
; inX[5]     ; zero        ; 4.232 ; 4.232 ; 4.232 ; 4.232 ;
; inX[6]     ; Negativo    ; 6.384 ; 6.384 ; 6.384 ; 6.384 ;
; inX[6]     ; oULA[6]     ; 5.956 ; 5.935 ; 5.935 ; 5.956 ;
; inX[6]     ; oULA[7]     ; 6.384 ; 6.384 ; 6.384 ; 6.384 ;
; inX[6]     ; zero        ; 5.995 ; 6.016 ; 6.016 ; 5.995 ;
; inX[7]     ; Negativo    ; 5.927 ; 6.387 ; 6.387 ; 5.927 ;
; inX[7]     ; oULA[7]     ; 5.927 ; 6.387 ; 6.387 ; 5.927 ;
; inX[7]     ; zero        ; 6.578 ; 6.118 ; 6.118 ; 6.578 ;
; inY[0]     ; Negativo    ; 7.965 ; 7.965 ; 7.965 ; 7.965 ;
; inY[0]     ; oULA[0]     ; 6.115 ; 6.183 ; 6.183 ; 6.115 ;
; inY[0]     ; oULA[1]     ; 6.185 ; 6.185 ; 6.185 ; 6.185 ;
; inY[0]     ; oULA[2]     ; 6.175 ; 6.175 ; 6.175 ; 6.175 ;
; inY[0]     ; oULA[3]     ; 7.008 ; 7.008 ; 7.008 ; 7.008 ;
; inY[0]     ; oULA[4]     ; 7.008 ; 7.008 ; 7.008 ; 7.008 ;
; inY[0]     ; oULA[5]     ; 7.766 ; 7.766 ; 7.766 ; 7.766 ;
; inY[0]     ; oULA[6]     ; 7.715 ; 7.715 ; 7.715 ; 7.715 ;
; inY[0]     ; oULA[7]     ; 7.965 ; 7.965 ; 7.965 ; 7.965 ;
; inY[0]     ; zero        ; 7.073 ; 7.073 ; 7.073 ; 7.073 ;
; inY[1]     ; Negativo    ; 7.759 ; 7.759 ; 7.759 ; 7.759 ;
; inY[1]     ; oULA[1]     ; 5.938 ; 5.985 ; 5.985 ; 5.938 ;
; inY[1]     ; oULA[2]     ; 5.969 ; 5.969 ; 5.969 ; 5.969 ;
; inY[1]     ; oULA[3]     ; 6.802 ; 6.802 ; 6.802 ; 6.802 ;
; inY[1]     ; oULA[4]     ; 6.802 ; 6.802 ; 6.802 ; 6.802 ;
; inY[1]     ; oULA[5]     ; 7.560 ; 7.560 ; 7.560 ; 7.560 ;
; inY[1]     ; oULA[6]     ; 7.509 ; 7.509 ; 7.509 ; 7.509 ;
; inY[1]     ; oULA[7]     ; 7.759 ; 7.759 ; 7.759 ; 7.759 ;
; inY[1]     ; zero        ; 6.873 ; 6.826 ; 6.826 ; 6.873 ;
; inY[2]     ; Negativo    ; 7.344 ; 7.344 ; 7.344 ; 7.344 ;
; inY[2]     ; oULA[2]     ; 5.974 ; 5.974 ; 5.974 ; 5.974 ;
; inY[2]     ; oULA[3]     ; 6.387 ; 6.387 ; 6.387 ; 6.387 ;
; inY[2]     ; oULA[4]     ; 6.387 ; 6.387 ; 6.387 ; 6.387 ;
; inY[2]     ; oULA[5]     ; 7.145 ; 7.145 ; 7.145 ; 7.145 ;
; inY[2]     ; oULA[6]     ; 7.094 ; 7.094 ; 7.094 ; 7.094 ;
; inY[2]     ; oULA[7]     ; 7.344 ; 7.344 ; 7.344 ; 7.344 ;
; inY[2]     ; zero        ; 6.932 ; 6.932 ; 6.932 ; 6.932 ;
; inY[3]     ; Negativo    ; 7.107 ; 7.107 ; 7.107 ; 7.107 ;
; inY[3]     ; oULA[3]     ; 5.714 ; 6.156 ; 6.156 ; 5.714 ;
; inY[3]     ; oULA[4]     ; 6.150 ; 6.150 ; 6.150 ; 6.150 ;
; inY[3]     ; oULA[5]     ; 6.908 ; 6.908 ; 6.908 ; 6.908 ;
; inY[3]     ; oULA[6]     ; 6.857 ; 6.857 ; 6.857 ; 6.857 ;
; inY[3]     ; oULA[7]     ; 7.107 ; 7.107 ; 7.107 ; 7.107 ;
; inY[3]     ; zero        ; 6.917 ; 6.487 ; 6.487 ; 6.917 ;
; inY[4]     ; Negativo    ; 6.637 ; 6.637 ; 6.637 ; 6.637 ;
; inY[4]     ; oULA[4]     ; 5.977 ; 5.977 ; 5.977 ; 5.977 ;
; inY[4]     ; oULA[5]     ; 6.439 ; 6.439 ; 6.439 ; 6.439 ;
; inY[4]     ; oULA[6]     ; 6.387 ; 6.387 ; 6.387 ; 6.387 ;
; inY[4]     ; oULA[7]     ; 6.637 ; 6.637 ; 6.637 ; 6.637 ;
; inY[4]     ; zero        ; 6.447 ; 6.447 ; 6.447 ; 6.447 ;
; inY[5]     ; Negativo    ; 4.329 ; 4.329 ; 4.329 ; 4.329 ;
; inY[5]     ; oULA[5]     ; 4.155 ; 4.155 ; 4.155 ; 4.155 ;
; inY[5]     ; oULA[6]     ; 4.079 ; 4.079 ; 4.079 ; 4.079 ;
; inY[5]     ; oULA[7]     ; 4.329 ; 4.329 ; 4.329 ; 4.329 ;
; inY[5]     ; zero        ; 4.139 ; 4.139 ; 4.139 ; 4.139 ;
; inY[6]     ; Negativo    ; 6.258 ; 6.258 ; 6.258 ; 6.258 ;
; inY[6]     ; oULA[6]     ; 5.820 ; 5.838 ; 5.838 ; 5.820 ;
; inY[6]     ; oULA[7]     ; 6.258 ; 6.258 ; 6.258 ; 6.258 ;
; inY[6]     ; zero        ; 5.898 ; 5.880 ; 5.880 ; 5.898 ;
; inY[7]     ; Negativo    ; 5.899 ; 6.195 ; 6.195 ; 5.899 ;
; inY[7]     ; oULA[7]     ; 5.899 ; 6.195 ; 6.195 ; 5.899 ;
; inY[7]     ; zero        ; 6.386 ; 6.090 ; 6.090 ; 6.386 ;
; selULA[0]  ; Negativo    ; 5.761 ; 5.761 ; 5.761 ; 5.761 ;
; selULA[0]  ; oULA[0]     ; 5.745 ; 5.745 ; 5.745 ; 5.745 ;
; selULA[0]  ; oULA[1]     ; 5.761 ; 5.761 ; 5.761 ; 5.761 ;
; selULA[0]  ; oULA[2]     ; 5.645 ; 5.645 ; 5.645 ; 5.645 ;
; selULA[0]  ; oULA[3]     ; 5.765 ; 5.765 ; 5.765 ; 5.765 ;
; selULA[0]  ; oULA[4]     ; 5.755 ; 5.755 ; 5.755 ; 5.755 ;
; selULA[0]  ; oULA[5]     ; 5.761 ; 5.761 ; 5.761 ; 5.761 ;
; selULA[0]  ; oULA[6]     ; 5.765 ; 5.765 ; 5.765 ; 5.765 ;
; selULA[0]  ; oULA[7]     ; 5.761 ; 5.761 ; 5.761 ; 5.761 ;
; selULA[0]  ; zero        ; 6.290 ; 6.046 ; 6.046 ; 6.290 ;
; selULA[1]  ; Negativo    ; 5.850 ; 5.850 ; 5.850 ; 5.850 ;
; selULA[1]  ; oULA[0]     ; 5.649 ; 5.649 ; 5.649 ; 5.649 ;
; selULA[1]  ; oULA[1]     ; 5.850 ; 5.850 ; 5.850 ; 5.850 ;
; selULA[1]  ; oULA[2]     ; 5.734 ; 5.734 ; 5.734 ; 5.734 ;
; selULA[1]  ; oULA[3]     ; 5.854 ; 5.854 ; 5.854 ; 5.854 ;
; selULA[1]  ; oULA[4]     ; 5.844 ; 5.844 ; 5.844 ; 5.844 ;
; selULA[1]  ; oULA[5]     ; 5.850 ; 5.850 ; 5.850 ; 5.850 ;
; selULA[1]  ; oULA[6]     ; 5.854 ; 5.854 ; 5.854 ; 5.854 ;
; selULA[1]  ; oULA[7]     ; 5.850 ; 5.850 ; 5.850 ; 5.850 ;
; selULA[1]  ; zero        ; 6.470 ; 5.992 ; 5.992 ; 6.470 ;
; selULA[2]  ; Negativo    ; 5.977 ; 5.977 ; 5.977 ; 5.977 ;
; selULA[2]  ; oULA[0]     ; 5.961 ; 5.961 ; 5.961 ; 5.961 ;
; selULA[2]  ; oULA[1]     ; 5.977 ; 5.977 ; 5.977 ; 5.977 ;
; selULA[2]  ; oULA[2]     ; 5.861 ; 5.861 ; 5.861 ; 5.861 ;
; selULA[2]  ; oULA[3]     ; 5.981 ; 5.981 ; 5.981 ; 5.981 ;
; selULA[2]  ; oULA[4]     ; 5.971 ; 5.971 ; 5.971 ; 5.971 ;
; selULA[2]  ; oULA[5]     ; 5.977 ; 5.977 ; 5.977 ; 5.977 ;
; selULA[2]  ; oULA[6]     ; 5.981 ; 5.981 ; 5.981 ; 5.981 ;
; selULA[2]  ; oULA[7]     ; 5.977 ; 5.977 ; 5.977 ; 5.977 ;
; selULA[2]  ; zero        ; 6.566 ; 6.404 ; 6.404 ; 6.566 ;
+------------+-------------+-------+-------+-------+-------+


+----------------------------------------------------------------------------+
; Multicorner Timing Analysis Summary                                        ;
+------------------+-------+------+----------+---------+---------------------+
; Clock            ; Setup ; Hold ; Recovery ; Removal ; Minimum Pulse Width ;
+------------------+-------+------+----------+---------+---------------------+
; Worst-case Slack ; N/A   ; N/A  ; N/A      ; N/A     ; N/A                 ;
; Design-wide TNS  ; 0.0   ; 0.0  ; 0.0      ; 0.0     ; 0.0                 ;
+------------------+-------+------+----------+---------+---------------------+


+--------------------------------------------------------------+
; Progagation Delay                                            ;
+------------+-------------+--------+--------+--------+--------+
; Input Port ; Output Port ; RR     ; RF     ; FR     ; FF     ;
+------------+-------------+--------+--------+--------+--------+
; inX[0]     ; Negativo    ; 17.126 ; 17.126 ; 17.126 ; 17.126 ;
; inX[0]     ; oULA[0]     ; 12.305 ; 12.305 ; 12.305 ; 12.305 ;
; inX[0]     ; oULA[1]     ; 11.909 ; 11.909 ; 11.909 ; 11.909 ;
; inX[0]     ; oULA[2]     ; 11.868 ; 11.868 ; 11.868 ; 11.868 ;
; inX[0]     ; oULA[3]     ; 14.524 ; 14.524 ; 14.524 ; 14.524 ;
; inX[0]     ; oULA[4]     ; 14.467 ; 14.467 ; 14.467 ; 14.467 ;
; inX[0]     ; oULA[5]     ; 16.611 ; 16.611 ; 16.611 ; 16.611 ;
; inX[0]     ; oULA[6]     ; 16.401 ; 16.401 ; 16.401 ; 16.401 ;
; inX[0]     ; oULA[7]     ; 17.126 ; 17.126 ; 17.126 ; 17.126 ;
; inX[0]     ; zero        ; 17.856 ; 17.856 ; 17.856 ; 17.856 ;
; inX[1]     ; Negativo    ; 17.812 ; 17.812 ; 17.812 ; 17.812 ;
; inX[1]     ; oULA[1]     ; 12.595 ; 12.785 ; 12.785 ; 12.595 ;
; inX[1]     ; oULA[2]     ; 12.554 ; 12.554 ; 12.554 ; 12.554 ;
; inX[1]     ; oULA[3]     ; 15.210 ; 15.210 ; 15.210 ; 15.210 ;
; inX[1]     ; oULA[4]     ; 15.153 ; 15.153 ; 15.153 ; 15.153 ;
; inX[1]     ; oULA[5]     ; 17.297 ; 17.297 ; 17.297 ; 17.297 ;
; inX[1]     ; oULA[6]     ; 17.087 ; 17.087 ; 17.087 ; 17.087 ;
; inX[1]     ; oULA[7]     ; 17.812 ; 17.812 ; 17.812 ; 17.812 ;
; inX[1]     ; zero        ; 18.542 ; 18.542 ; 18.542 ; 18.542 ;
; inX[2]     ; Negativo    ; 16.335 ; 16.335 ; 16.335 ; 16.335 ;
; inX[2]     ; oULA[2]     ; 11.773 ; 11.773 ; 11.773 ; 11.773 ;
; inX[2]     ; oULA[3]     ; 13.733 ; 13.733 ; 13.733 ; 13.733 ;
; inX[2]     ; oULA[4]     ; 13.676 ; 13.676 ; 13.676 ; 13.676 ;
; inX[2]     ; oULA[5]     ; 15.820 ; 15.820 ; 15.820 ; 15.820 ;
; inX[2]     ; oULA[6]     ; 15.610 ; 15.610 ; 15.610 ; 15.610 ;
; inX[2]     ; oULA[7]     ; 16.335 ; 16.335 ; 16.335 ; 16.335 ;
; inX[2]     ; zero        ; 17.065 ; 17.065 ; 17.065 ; 17.065 ;
; inX[3]     ; Negativo    ; 14.892 ; 14.892 ; 14.892 ; 14.892 ;
; inX[3]     ; oULA[3]     ; 12.297 ; 12.297 ; 12.297 ; 12.297 ;
; inX[3]     ; oULA[4]     ; 12.233 ; 12.233 ; 12.233 ; 12.233 ;
; inX[3]     ; oULA[5]     ; 14.377 ; 14.377 ; 14.377 ; 14.377 ;
; inX[3]     ; oULA[6]     ; 14.167 ; 14.167 ; 14.167 ; 14.167 ;
; inX[3]     ; oULA[7]     ; 14.892 ; 14.892 ; 14.892 ; 14.892 ;
; inX[3]     ; zero        ; 15.622 ; 15.622 ; 15.622 ; 15.622 ;
; inX[4]     ; Negativo    ; 14.112 ; 14.112 ; 14.112 ; 14.112 ;
; inX[4]     ; oULA[4]     ; 12.827 ; 12.827 ; 12.827 ; 12.827 ;
; inX[4]     ; oULA[5]     ; 13.594 ; 13.594 ; 13.594 ; 13.594 ;
; inX[4]     ; oULA[6]     ; 13.387 ; 13.387 ; 13.387 ; 13.387 ;
; inX[4]     ; oULA[7]     ; 14.112 ; 14.112 ; 14.112 ; 14.112 ;
; inX[4]     ; zero        ; 15.896 ; 15.896 ; 15.896 ; 15.896 ;
; inX[5]     ; Negativo    ; 10.000 ; 10.000 ; 10.000 ; 10.000 ;
; inX[5]     ; oULA[5]     ; 10.334 ; 9.563  ; 9.563  ; 10.334 ;
; inX[5]     ; oULA[6]     ; 9.275  ; 9.275  ; 9.275  ; 9.275  ;
; inX[5]     ; oULA[7]     ; 10.000 ; 10.000 ; 10.000 ; 10.000 ;
; inX[5]     ; zero        ; 10.808 ; 11.579 ; 11.579 ; 10.808 ;
; inX[6]     ; Negativo    ; 13.142 ; 13.142 ; 13.142 ; 13.142 ;
; inX[6]     ; oULA[6]     ; 12.072 ; 12.072 ; 12.072 ; 12.072 ;
; inX[6]     ; oULA[7]     ; 13.142 ; 13.142 ; 13.142 ; 13.142 ;
; inX[6]     ; zero        ; 13.709 ; 13.709 ; 13.709 ; 13.709 ;
; inX[7]     ; Negativo    ; 13.164 ; 13.274 ; 13.274 ; 13.164 ;
; inX[7]     ; oULA[7]     ; 13.164 ; 13.274 ; 13.274 ; 13.164 ;
; inX[7]     ; zero        ; 13.841 ; 13.731 ; 13.731 ; 13.841 ;
; inY[0]     ; Negativo    ; 17.766 ; 17.766 ; 17.766 ; 17.766 ;
; inY[0]     ; oULA[0]     ; 12.559 ; 12.559 ; 12.559 ; 12.559 ;
; inY[0]     ; oULA[1]     ; 12.550 ; 12.550 ; 12.550 ; 12.550 ;
; inY[0]     ; oULA[2]     ; 12.508 ; 12.508 ; 12.508 ; 12.508 ;
; inY[0]     ; oULA[3]     ; 15.164 ; 15.164 ; 15.164 ; 15.164 ;
; inY[0]     ; oULA[4]     ; 15.107 ; 15.107 ; 15.107 ; 15.107 ;
; inY[0]     ; oULA[5]     ; 17.251 ; 17.251 ; 17.251 ; 17.251 ;
; inY[0]     ; oULA[6]     ; 17.041 ; 17.041 ; 17.041 ; 17.041 ;
; inY[0]     ; oULA[7]     ; 17.766 ; 17.766 ; 17.766 ; 17.766 ;
; inY[0]     ; zero        ; 18.496 ; 18.496 ; 18.496 ; 18.496 ;
; inY[1]     ; Negativo    ; 17.291 ; 17.291 ; 17.291 ; 17.291 ;
; inY[1]     ; oULA[1]     ; 12.743 ; 12.077 ; 12.077 ; 12.743 ;
; inY[1]     ; oULA[2]     ; 12.033 ; 12.033 ; 12.033 ; 12.033 ;
; inY[1]     ; oULA[3]     ; 14.689 ; 14.689 ; 14.689 ; 14.689 ;
; inY[1]     ; oULA[4]     ; 14.632 ; 14.632 ; 14.632 ; 14.632 ;
; inY[1]     ; oULA[5]     ; 16.776 ; 16.776 ; 16.776 ; 16.776 ;
; inY[1]     ; oULA[6]     ; 16.566 ; 16.566 ; 16.566 ; 16.566 ;
; inY[1]     ; oULA[7]     ; 17.291 ; 17.291 ; 17.291 ; 17.291 ;
; inY[1]     ; zero        ; 18.021 ; 18.021 ; 18.021 ; 18.021 ;
; inY[2]     ; Negativo    ; 16.093 ; 16.093 ; 16.093 ; 16.093 ;
; inY[2]     ; oULA[2]     ; 12.230 ; 12.230 ; 12.230 ; 12.230 ;
; inY[2]     ; oULA[3]     ; 13.491 ; 13.491 ; 13.491 ; 13.491 ;
; inY[2]     ; oULA[4]     ; 13.434 ; 13.434 ; 13.434 ; 13.434 ;
; inY[2]     ; oULA[5]     ; 15.578 ; 15.578 ; 15.578 ; 15.578 ;
; inY[2]     ; oULA[6]     ; 15.368 ; 15.368 ; 15.368 ; 15.368 ;
; inY[2]     ; oULA[7]     ; 16.093 ; 16.093 ; 16.093 ; 16.093 ;
; inY[2]     ; zero        ; 16.823 ; 16.823 ; 16.823 ; 16.823 ;
; inY[3]     ; Negativo    ; 15.090 ; 15.090 ; 15.090 ; 15.090 ;
; inY[3]     ; oULA[3]     ; 12.499 ; 12.499 ; 12.499 ; 12.499 ;
; inY[3]     ; oULA[4]     ; 12.431 ; 12.431 ; 12.431 ; 12.431 ;
; inY[3]     ; oULA[5]     ; 14.575 ; 14.575 ; 14.575 ; 14.575 ;
; inY[3]     ; oULA[6]     ; 14.365 ; 14.365 ; 14.365 ; 14.365 ;
; inY[3]     ; oULA[7]     ; 15.090 ; 15.090 ; 15.090 ; 15.090 ;
; inY[3]     ; zero        ; 15.820 ; 15.820 ; 15.820 ; 15.820 ;
; inY[4]     ; Negativo    ; 13.783 ; 13.783 ; 13.783 ; 13.783 ;
; inY[4]     ; oULA[4]     ; 12.498 ; 12.498 ; 12.498 ; 12.498 ;
; inY[4]     ; oULA[5]     ; 13.265 ; 13.265 ; 13.265 ; 13.265 ;
; inY[4]     ; oULA[6]     ; 13.058 ; 13.058 ; 13.058 ; 13.058 ;
; inY[4]     ; oULA[7]     ; 13.783 ; 13.783 ; 13.783 ; 13.783 ;
; inY[4]     ; zero        ; 15.567 ; 15.567 ; 15.567 ; 15.567 ;
; inY[5]     ; Negativo    ; 9.763  ; 9.763  ; 9.763  ; 9.763  ;
; inY[5]     ; oULA[5]     ; 10.279 ; 10.279 ; 10.279 ; 10.279 ;
; inY[5]     ; oULA[6]     ; 9.038  ; 9.038  ; 9.038  ; 9.038  ;
; inY[5]     ; oULA[7]     ; 9.763  ; 9.763  ; 9.763  ; 9.763  ;
; inY[5]     ; zero        ; 11.524 ; 11.524 ; 11.524 ; 11.524 ;
; inY[6]     ; Negativo    ; 12.824 ; 12.824 ; 12.824 ; 12.824 ;
; inY[6]     ; oULA[6]     ; 12.129 ; 11.609 ; 11.609 ; 12.129 ;
; inY[6]     ; oULA[7]     ; 12.824 ; 12.824 ; 12.824 ; 12.824 ;
; inY[6]     ; zero        ; 13.391 ; 13.391 ; 13.391 ; 13.391 ;
; inY[7]     ; Negativo    ; 12.566 ; 12.566 ; 12.566 ; 12.566 ;
; inY[7]     ; oULA[7]     ; 12.566 ; 12.566 ; 12.566 ; 12.566 ;
; inY[7]     ; zero        ; 13.133 ; 13.133 ; 13.133 ; 13.133 ;
; selULA[0]  ; Negativo    ; 13.500 ; 13.235 ; 13.235 ; 13.500 ;
; selULA[0]  ; oULA[0]     ; 12.086 ; 12.086 ; 12.086 ; 12.086 ;
; selULA[0]  ; oULA[1]     ; 13.960 ; 13.641 ; 13.641 ; 13.960 ;
; selULA[0]  ; oULA[2]     ; 13.676 ; 13.676 ; 13.676 ; 13.676 ;
; selULA[0]  ; oULA[3]     ; 13.607 ; 13.509 ; 13.509 ; 13.607 ;
; selULA[0]  ; oULA[4]     ; 13.836 ; 13.836 ; 13.836 ; 13.836 ;
; selULA[0]  ; oULA[5]     ; 13.547 ; 13.868 ; 13.868 ; 13.547 ;
; selULA[0]  ; oULA[6]     ; 13.266 ; 13.050 ; 13.050 ; 13.266 ;
; selULA[0]  ; oULA[7]     ; 13.500 ; 13.235 ; 13.235 ; 13.500 ;
; selULA[0]  ; zero        ; 16.905 ; 16.905 ; 16.905 ; 16.905 ;
; selULA[1]  ; Negativo    ; 13.651 ; 13.442 ; 13.442 ; 13.651 ;
; selULA[1]  ; oULA[0]     ; 11.594 ; 11.594 ; 11.594 ; 11.594 ;
; selULA[1]  ; oULA[1]     ; 14.083 ; 13.882 ; 13.882 ; 14.083 ;
; selULA[1]  ; oULA[2]     ; 13.799 ; 13.799 ; 13.799 ; 13.799 ;
; selULA[1]  ; oULA[3]     ; 13.689 ; 13.825 ; 13.825 ; 13.689 ;
; selULA[1]  ; oULA[4]     ; 13.959 ; 13.959 ; 13.959 ; 13.959 ;
; selULA[1]  ; oULA[5]     ; 13.831 ; 14.105 ; 14.105 ; 13.831 ;
; selULA[1]  ; oULA[6]     ; 13.389 ; 13.291 ; 13.291 ; 13.389 ;
; selULA[1]  ; oULA[7]     ; 13.651 ; 13.442 ; 13.442 ; 13.651 ;
; selULA[1]  ; zero        ; 17.028 ; 17.028 ; 17.028 ; 17.028 ;
; selULA[2]  ; Negativo    ; 13.881 ; 12.904 ; 12.904 ; 13.881 ;
; selULA[2]  ; oULA[0]     ; 12.484 ; 12.484 ; 12.484 ; 12.484 ;
; selULA[2]  ; oULA[1]     ; 14.047 ; 14.349 ; 14.349 ; 14.047 ;
; selULA[2]  ; oULA[2]     ; 14.065 ; 14.065 ; 14.065 ; 14.065 ;
; selULA[2]  ; oULA[3]     ; 13.992 ; 13.232 ; 13.232 ; 13.992 ;
; selULA[2]  ; oULA[4]     ; 14.225 ; 14.225 ; 14.225 ; 14.225 ;
; selULA[2]  ; oULA[5]     ; 14.271 ; 13.936 ; 13.936 ; 14.271 ;
; selULA[2]  ; oULA[6]     ; 13.546 ; 13.655 ; 13.655 ; 13.546 ;
; selULA[2]  ; oULA[7]     ; 13.881 ; 12.904 ; 12.904 ; 13.881 ;
; selULA[2]  ; zero        ; 17.294 ; 17.294 ; 17.294 ; 17.294 ;
+------------+-------------+--------+--------+--------+--------+


+----------------------------------------------------------+
; Minimum Progagation Delay                                ;
+------------+-------------+-------+-------+-------+-------+
; Input Port ; Output Port ; RR    ; RF    ; FR    ; FF    ;
+------------+-------------+-------+-------+-------+-------+
; inX[0]     ; Negativo    ; 7.732 ; 7.732 ; 7.732 ; 7.732 ;
; inX[0]     ; oULA[0]     ; 6.014 ; 6.014 ; 6.014 ; 6.014 ;
; inX[0]     ; oULA[1]     ; 5.955 ; 5.955 ; 5.955 ; 5.955 ;
; inX[0]     ; oULA[2]     ; 5.942 ; 5.942 ; 5.942 ; 5.942 ;
; inX[0]     ; oULA[3]     ; 6.775 ; 6.775 ; 6.775 ; 6.775 ;
; inX[0]     ; oULA[4]     ; 6.775 ; 6.775 ; 6.775 ; 6.775 ;
; inX[0]     ; oULA[5]     ; 7.533 ; 7.533 ; 7.533 ; 7.533 ;
; inX[0]     ; oULA[6]     ; 7.482 ; 7.482 ; 7.482 ; 7.482 ;
; inX[0]     ; oULA[7]     ; 7.732 ; 7.732 ; 7.732 ; 7.732 ;
; inX[0]     ; zero        ; 6.843 ; 6.843 ; 6.843 ; 6.843 ;
; inX[1]     ; Negativo    ; 7.948 ; 7.948 ; 7.948 ; 7.948 ;
; inX[1]     ; oULA[1]     ; 5.968 ; 6.175 ; 6.175 ; 5.968 ;
; inX[1]     ; oULA[2]     ; 6.158 ; 6.158 ; 6.158 ; 6.158 ;
; inX[1]     ; oULA[3]     ; 6.991 ; 6.991 ; 6.991 ; 6.991 ;
; inX[1]     ; oULA[4]     ; 6.991 ; 6.991 ; 6.991 ; 6.991 ;
; inX[1]     ; oULA[5]     ; 7.749 ; 7.749 ; 7.749 ; 7.749 ;
; inX[1]     ; oULA[6]     ; 7.698 ; 7.698 ; 7.698 ; 7.698 ;
; inX[1]     ; oULA[7]     ; 7.948 ; 7.948 ; 7.948 ; 7.948 ;
; inX[1]     ; zero        ; 7.063 ; 6.856 ; 6.856 ; 7.063 ;
; inX[2]     ; Negativo    ; 7.536 ; 7.536 ; 7.536 ; 7.536 ;
; inX[2]     ; oULA[2]     ; 5.818 ; 5.818 ; 5.818 ; 5.818 ;
; inX[2]     ; oULA[3]     ; 6.580 ; 6.580 ; 6.580 ; 6.580 ;
; inX[2]     ; oULA[4]     ; 6.579 ; 6.579 ; 6.579 ; 6.579 ;
; inX[2]     ; oULA[5]     ; 7.337 ; 7.337 ; 7.337 ; 7.337 ;
; inX[2]     ; oULA[6]     ; 7.286 ; 7.286 ; 7.286 ; 7.286 ;
; inX[2]     ; oULA[7]     ; 7.536 ; 7.536 ; 7.536 ; 7.536 ;
; inX[2]     ; zero        ; 6.776 ; 6.776 ; 6.776 ; 6.776 ;
; inX[3]     ; Negativo    ; 7.016 ; 7.016 ; 7.016 ; 7.016 ;
; inX[3]     ; oULA[3]     ; 5.908 ; 5.782 ; 5.782 ; 5.908 ;
; inX[3]     ; oULA[4]     ; 6.059 ; 6.059 ; 6.059 ; 6.059 ;
; inX[3]     ; oULA[5]     ; 6.817 ; 6.817 ; 6.817 ; 6.817 ;
; inX[3]     ; oULA[6]     ; 6.766 ; 6.766 ; 6.766 ; 6.766 ;
; inX[3]     ; oULA[7]     ; 7.016 ; 7.016 ; 7.016 ; 7.016 ;
; inX[3]     ; zero        ; 6.555 ; 6.681 ; 6.681 ; 6.555 ;
; inX[4]     ; Negativo    ; 6.721 ; 6.721 ; 6.721 ; 6.721 ;
; inX[4]     ; oULA[4]     ; 6.063 ; 6.063 ; 6.063 ; 6.063 ;
; inX[4]     ; oULA[5]     ; 6.523 ; 6.523 ; 6.523 ; 6.523 ;
; inX[4]     ; oULA[6]     ; 6.471 ; 6.471 ; 6.471 ; 6.471 ;
; inX[4]     ; oULA[7]     ; 6.721 ; 6.721 ; 6.721 ; 6.721 ;
; inX[4]     ; zero        ; 6.531 ; 6.531 ; 6.531 ; 6.531 ;
; inX[5]     ; Negativo    ; 4.422 ; 4.422 ; 4.422 ; 4.422 ;
; inX[5]     ; oULA[5]     ; 4.195 ; 4.164 ; 4.164 ; 4.195 ;
; inX[5]     ; oULA[6]     ; 4.172 ; 4.172 ; 4.172 ; 4.172 ;
; inX[5]     ; oULA[7]     ; 4.422 ; 4.422 ; 4.422 ; 4.422 ;
; inX[5]     ; zero        ; 4.232 ; 4.232 ; 4.232 ; 4.232 ;
; inX[6]     ; Negativo    ; 6.384 ; 6.384 ; 6.384 ; 6.384 ;
; inX[6]     ; oULA[6]     ; 5.956 ; 5.935 ; 5.935 ; 5.956 ;
; inX[6]     ; oULA[7]     ; 6.384 ; 6.384 ; 6.384 ; 6.384 ;
; inX[6]     ; zero        ; 5.995 ; 6.016 ; 6.016 ; 5.995 ;
; inX[7]     ; Negativo    ; 5.927 ; 6.387 ; 6.387 ; 5.927 ;
; inX[7]     ; oULA[7]     ; 5.927 ; 6.387 ; 6.387 ; 5.927 ;
; inX[7]     ; zero        ; 6.578 ; 6.118 ; 6.118 ; 6.578 ;
; inY[0]     ; Negativo    ; 7.965 ; 7.965 ; 7.965 ; 7.965 ;
; inY[0]     ; oULA[0]     ; 6.115 ; 6.183 ; 6.183 ; 6.115 ;
; inY[0]     ; oULA[1]     ; 6.185 ; 6.185 ; 6.185 ; 6.185 ;
; inY[0]     ; oULA[2]     ; 6.175 ; 6.175 ; 6.175 ; 6.175 ;
; inY[0]     ; oULA[3]     ; 7.008 ; 7.008 ; 7.008 ; 7.008 ;
; inY[0]     ; oULA[4]     ; 7.008 ; 7.008 ; 7.008 ; 7.008 ;
; inY[0]     ; oULA[5]     ; 7.766 ; 7.766 ; 7.766 ; 7.766 ;
; inY[0]     ; oULA[6]     ; 7.715 ; 7.715 ; 7.715 ; 7.715 ;
; inY[0]     ; oULA[7]     ; 7.965 ; 7.965 ; 7.965 ; 7.965 ;
; inY[0]     ; zero        ; 7.073 ; 7.073 ; 7.073 ; 7.073 ;
; inY[1]     ; Negativo    ; 7.759 ; 7.759 ; 7.759 ; 7.759 ;
; inY[1]     ; oULA[1]     ; 5.938 ; 5.985 ; 5.985 ; 5.938 ;
; inY[1]     ; oULA[2]     ; 5.969 ; 5.969 ; 5.969 ; 5.969 ;
; inY[1]     ; oULA[3]     ; 6.802 ; 6.802 ; 6.802 ; 6.802 ;
; inY[1]     ; oULA[4]     ; 6.802 ; 6.802 ; 6.802 ; 6.802 ;
; inY[1]     ; oULA[5]     ; 7.560 ; 7.560 ; 7.560 ; 7.560 ;
; inY[1]     ; oULA[6]     ; 7.509 ; 7.509 ; 7.509 ; 7.509 ;
; inY[1]     ; oULA[7]     ; 7.759 ; 7.759 ; 7.759 ; 7.759 ;
; inY[1]     ; zero        ; 6.873 ; 6.826 ; 6.826 ; 6.873 ;
; inY[2]     ; Negativo    ; 7.344 ; 7.344 ; 7.344 ; 7.344 ;
; inY[2]     ; oULA[2]     ; 5.974 ; 5.974 ; 5.974 ; 5.974 ;
; inY[2]     ; oULA[3]     ; 6.387 ; 6.387 ; 6.387 ; 6.387 ;
; inY[2]     ; oULA[4]     ; 6.387 ; 6.387 ; 6.387 ; 6.387 ;
; inY[2]     ; oULA[5]     ; 7.145 ; 7.145 ; 7.145 ; 7.145 ;
; inY[2]     ; oULA[6]     ; 7.094 ; 7.094 ; 7.094 ; 7.094 ;
; inY[2]     ; oULA[7]     ; 7.344 ; 7.344 ; 7.344 ; 7.344 ;
; inY[2]     ; zero        ; 6.932 ; 6.932 ; 6.932 ; 6.932 ;
; inY[3]     ; Negativo    ; 7.107 ; 7.107 ; 7.107 ; 7.107 ;
; inY[3]     ; oULA[3]     ; 5.714 ; 6.156 ; 6.156 ; 5.714 ;
; inY[3]     ; oULA[4]     ; 6.150 ; 6.150 ; 6.150 ; 6.150 ;
; inY[3]     ; oULA[5]     ; 6.908 ; 6.908 ; 6.908 ; 6.908 ;
; inY[3]     ; oULA[6]     ; 6.857 ; 6.857 ; 6.857 ; 6.857 ;
; inY[3]     ; oULA[7]     ; 7.107 ; 7.107 ; 7.107 ; 7.107 ;
; inY[3]     ; zero        ; 6.917 ; 6.487 ; 6.487 ; 6.917 ;
; inY[4]     ; Negativo    ; 6.637 ; 6.637 ; 6.637 ; 6.637 ;
; inY[4]     ; oULA[4]     ; 5.977 ; 5.977 ; 5.977 ; 5.977 ;
; inY[4]     ; oULA[5]     ; 6.439 ; 6.439 ; 6.439 ; 6.439 ;
; inY[4]     ; oULA[6]     ; 6.387 ; 6.387 ; 6.387 ; 6.387 ;
; inY[4]     ; oULA[7]     ; 6.637 ; 6.637 ; 6.637 ; 6.637 ;
; inY[4]     ; zero        ; 6.447 ; 6.447 ; 6.447 ; 6.447 ;
; inY[5]     ; Negativo    ; 4.329 ; 4.329 ; 4.329 ; 4.329 ;
; inY[5]     ; oULA[5]     ; 4.155 ; 4.155 ; 4.155 ; 4.155 ;
; inY[5]     ; oULA[6]     ; 4.079 ; 4.079 ; 4.079 ; 4.079 ;
; inY[5]     ; oULA[7]     ; 4.329 ; 4.329 ; 4.329 ; 4.329 ;
; inY[5]     ; zero        ; 4.139 ; 4.139 ; 4.139 ; 4.139 ;
; inY[6]     ; Negativo    ; 6.258 ; 6.258 ; 6.258 ; 6.258 ;
; inY[6]     ; oULA[6]     ; 5.820 ; 5.838 ; 5.838 ; 5.820 ;
; inY[6]     ; oULA[7]     ; 6.258 ; 6.258 ; 6.258 ; 6.258 ;
; inY[6]     ; zero        ; 5.898 ; 5.880 ; 5.880 ; 5.898 ;
; inY[7]     ; Negativo    ; 5.899 ; 6.195 ; 6.195 ; 5.899 ;
; inY[7]     ; oULA[7]     ; 5.899 ; 6.195 ; 6.195 ; 5.899 ;
; inY[7]     ; zero        ; 6.386 ; 6.090 ; 6.090 ; 6.386 ;
; selULA[0]  ; Negativo    ; 5.761 ; 5.761 ; 5.761 ; 5.761 ;
; selULA[0]  ; oULA[0]     ; 5.745 ; 5.745 ; 5.745 ; 5.745 ;
; selULA[0]  ; oULA[1]     ; 5.761 ; 5.761 ; 5.761 ; 5.761 ;
; selULA[0]  ; oULA[2]     ; 5.645 ; 5.645 ; 5.645 ; 5.645 ;
; selULA[0]  ; oULA[3]     ; 5.765 ; 5.765 ; 5.765 ; 5.765 ;
; selULA[0]  ; oULA[4]     ; 5.755 ; 5.755 ; 5.755 ; 5.755 ;
; selULA[0]  ; oULA[5]     ; 5.761 ; 5.761 ; 5.761 ; 5.761 ;
; selULA[0]  ; oULA[6]     ; 5.765 ; 5.765 ; 5.765 ; 5.765 ;
; selULA[0]  ; oULA[7]     ; 5.761 ; 5.761 ; 5.761 ; 5.761 ;
; selULA[0]  ; zero        ; 6.290 ; 6.046 ; 6.046 ; 6.290 ;
; selULA[1]  ; Negativo    ; 5.850 ; 5.850 ; 5.850 ; 5.850 ;
; selULA[1]  ; oULA[0]     ; 5.649 ; 5.649 ; 5.649 ; 5.649 ;
; selULA[1]  ; oULA[1]     ; 5.850 ; 5.850 ; 5.850 ; 5.850 ;
; selULA[1]  ; oULA[2]     ; 5.734 ; 5.734 ; 5.734 ; 5.734 ;
; selULA[1]  ; oULA[3]     ; 5.854 ; 5.854 ; 5.854 ; 5.854 ;
; selULA[1]  ; oULA[4]     ; 5.844 ; 5.844 ; 5.844 ; 5.844 ;
; selULA[1]  ; oULA[5]     ; 5.850 ; 5.850 ; 5.850 ; 5.850 ;
; selULA[1]  ; oULA[6]     ; 5.854 ; 5.854 ; 5.854 ; 5.854 ;
; selULA[1]  ; oULA[7]     ; 5.850 ; 5.850 ; 5.850 ; 5.850 ;
; selULA[1]  ; zero        ; 6.470 ; 5.992 ; 5.992 ; 6.470 ;
; selULA[2]  ; Negativo    ; 5.977 ; 5.977 ; 5.977 ; 5.977 ;
; selULA[2]  ; oULA[0]     ; 5.961 ; 5.961 ; 5.961 ; 5.961 ;
; selULA[2]  ; oULA[1]     ; 5.977 ; 5.977 ; 5.977 ; 5.977 ;
; selULA[2]  ; oULA[2]     ; 5.861 ; 5.861 ; 5.861 ; 5.861 ;
; selULA[2]  ; oULA[3]     ; 5.981 ; 5.981 ; 5.981 ; 5.981 ;
; selULA[2]  ; oULA[4]     ; 5.971 ; 5.971 ; 5.971 ; 5.971 ;
; selULA[2]  ; oULA[5]     ; 5.977 ; 5.977 ; 5.977 ; 5.977 ;
; selULA[2]  ; oULA[6]     ; 5.981 ; 5.981 ; 5.981 ; 5.981 ;
; selULA[2]  ; oULA[7]     ; 5.977 ; 5.977 ; 5.977 ; 5.977 ;
; selULA[2]  ; zero        ; 6.566 ; 6.404 ; 6.404 ; 6.566 ;
+------------+-------------+-------+-------+-------+-------+


-------------------
; Clock Transfers ;
-------------------
Nothing to report.


---------------
; Report TCCS ;
---------------
No dedicated SERDES Transmitter circuitry present in device or used in design


---------------
; Report RSKM ;
---------------
No dedicated SERDES Receiver circuitry present in device or used in design


+------------------------------------------------+
; Unconstrained Paths                            ;
+---------------------------------+-------+------+
; Property                        ; Setup ; Hold ;
+---------------------------------+-------+------+
; Illegal Clocks                  ; 0     ; 0    ;
; Unconstrained Clocks            ; 0     ; 0    ;
; Unconstrained Input Ports       ; 19    ; 19   ;
; Unconstrained Input Port Paths  ; 134   ; 134  ;
; Unconstrained Output Ports      ; 10    ; 10   ;
; Unconstrained Output Port Paths ; 134   ; 134  ;
+---------------------------------+-------+------+


+------------------------------------+
; TimeQuest Timing Analyzer Messages ;
+------------------------------------+
Info: *******************************************************************
Info: Running Quartus II 64-Bit TimeQuest Timing Analyzer
    Info: Version 13.0.1 Build 232 06/12/2013 Service Pack 1 SJ Web Edition
    Info: Processing started: Wed Jun 12 18:14:06 2019
Info: Command: quartus_sta ULA -c ULA
Info: qsta_default_script.tcl version: #1
Warning (20028): Parallel compilation is not licensed and has been disabled
Info (21077): Low junction temperature is 0 degrees C
Info (21077): High junction temperature is 85 degrees C
Critical Warning (332012): Synopsys Design Constraints File file not found: 'ULA.sdc'. A Synopsys Design Constraints File is required by the TimeQuest Timing Analyzer to get proper timing constraints. Without it, the Compiler will not properly optimize the design.
Info (332142): No user constrained base clocks found in the design. Calling "derive_clocks -period 1.0"
Info (332096): The command derive_clocks did not find any clocks to derive.  No clocks were created or changed.
Warning (332068): No clocks defined in design.
Info: Found TIMEQUEST_REPORT_SCRIPT_INCLUDE_DEFAULT_ANALYSIS = ON
Info (332159): No clocks to report
Info: Analyzing Slow Model
Info (332140): No fmax paths to report
Info (332140): No Setup paths to report
Info (332140): No Hold paths to report
Info (332140): No Recovery paths to report
Info (332140): No Removal paths to report
Info (332140): No Minimum Pulse Width paths to report
Info (332001): The selected device family is not supported by the report_metastability command.
Info: Analyzing Fast Model
Info (332142): No user constrained base clocks found in the design. Calling "derive_clocks -period 1.0"
Info (332096): The command derive_clocks did not find any clocks to derive.  No clocks were created or changed.
Warning (332068): No clocks defined in design.
Info (332140): No Setup paths to report
Info (332140): No Hold paths to report
Info (332140): No Recovery paths to report
Info (332140): No Removal paths to report
Info (332140): No Minimum Pulse Width paths to report
Info (332001): The selected device family is not supported by the report_metastability command.
Info (332102): Design is not fully constrained for setup requirements
Info (332102): Design is not fully constrained for hold requirements
Info: Quartus II 64-Bit TimeQuest Timing Analyzer was successful. 0 errors, 5 warnings
    Info: Peak virtual memory: 404 megabytes
    Info: Processing ended: Wed Jun 12 18:14:09 2019
    Info: Elapsed time: 00:00:03
    Info: Total CPU time (on all processors): 00:00:01


